# JRE version: OpenJDK Runtime Environment (8.0_242-b01) (build 1.8.0_242-release-1644-b01)
# Java VM: OpenJDK 64-Bit Server VM (25.242-b01 mixed mode windows-amd64 compressed oops)
Heap:
 PSYoungGen      total 460288K, used 402476K [0x00000000e0000000, 0x0000000100000000, 0x0000000100000000)
  eden space 430080K, 93% used [0x00000000e0000000,0x00000000f890b2a0,0x00000000fa400000)
  from space 30208K, 0% used [0x00000000fa400000,0x00000000fa400000,0x00000000fc180000)
  to   space 48128K, 0% used [0x00000000fd100000,0x00000000fd100000,0x0000000100000000)
 ParOldGen       total 302592K, used 112432K [0x00000000a0000000, 0x00000000b2780000, 0x00000000e0000000)
  object space 302592K, 37% used [0x00000000a0000000,0x00000000a6dcc030,0x00000000b2780000)
 Metaspace       used 98748K, capacity 105250K, committed 105512K, reserved 1140736K
  class space    used 13100K, capacity 14372K, committed 14384K, reserved 1048576K
GC Heap History (10 events):
Event: 11.748 GC heap before
{Heap before GC invocations=11 (full 3):
 PSYoungGen      total 406528K, used 16877K [0x00000000e0000000, 0x00000000fbe00000, 0x0000000100000000)
  eden space 389632K, 0% used [0x00000000e0000000,0x00000000e0000000,0x00000000f7c80000)
  from space 16896K, 99% used [0x00000000f9500000,0x00000000fa57b7b0,0x00000000fa580000)
  to   space 25088K, 0% used [0x00000000f7c80000,0x00000000f7c80000,0x00000000f9500000)
 ParOldGen       total 116736K, used 29591K [0x00000000a0000000, 0x00000000a7200000, 0x00000000e0000000)
  object space 116736K, 25% used [0x00000000a0000000,0x00000000a1ce5dc0,0x00000000a7200000)
 Metaspace       used 56659K, capacity 58972K, committed 59160K, reserved 1099776K
  class space    used 7727K, capacity 8242K, committed 8368K, reserved 1048576K
Event: 11.929 GC heap after
Heap after GC invocations=11 (full 3):
 PSYoungGen      total 406528K, used 0K [0x00000000e0000000, 0x00000000fbe00000, 0x0000000100000000)
  eden space 389632K, 0% used [0x00000000e0000000,0x00000000e0000000,0x00000000f7c80000)
  from space 16896K, 0% used [0x00000000f9500000,0x00000000f9500000,0x00000000fa580000)
  to   space 25088K, 0% used [0x00000000f7c80000,0x00000000f7c80000,0x00000000f9500000)
 ParOldGen       total 176640K, used 43277K [0x00000000a0000000, 0x00000000aac80000, 0x00000000e0000000)
  object space 176640K, 24% used [0x00000000a0000000,0x00000000a2a437d0,0x00000000aac80000)
 Metaspace       used 56656K, capacity 58960K, committed 59160K, reserved 1099776K
  class space    used 7726K, capacity 8240K, committed 8368K, reserved 1048576K
}
Event: 16.362 GC heap before
{Heap before GC invocations=12 (full 3):
 PSYoungGen      total 406528K, used 389632K [0x00000000e0000000, 0x00000000fbe00000, 0x0000000100000000)
  eden space 389632K, 100% used [0x00000000e0000000,0x00000000f7c80000,0x00000000f7c80000)
  from space 16896K, 0% used [0x00000000f9500000,0x00000000f9500000,0x00000000fa580000)
  to   space 25088K, 0% used [0x00000000f7c80000,0x00000000f7c80000,0x00000000f9500000)
 ParOldGen       total 176640K, used 43277K [0x00000000a0000000, 0x00000000aac80000, 0x00000000e0000000)
  object space 176640K, 24% used [0x00000000a0000000,0x00000000a2a437d0,0x00000000aac80000)
 Metaspace       used 69220K, capacity 73246K, committed 73512K, reserved 1112064K
  class space    used 9548K, capacity 10461K, committed 10544K, reserved 1048576K
Event: 16.395 GC heap after
Heap after GC invocations=12 (full 3):
 PSYoungGen      total 414720K, used 25080K [0x00000000e0000000, 0x0000000100000000, 0x0000000100000000)
  eden space 389632K, 0% used [0x00000000e0000000,0x00000000e0000000,0x00000000f7c80000)
  from space 25088K, 99% used [0x00000000f7c80000,0x00000000f94fe080,0x00000000f9500000)
  to   space 35840K, 0% used [0x00000000fdd00000,0x00000000fdd00000,0x0000000100000000)
 ParOldGen       total 176640K, used 60532K [0x00000000a0000000, 0x00000000aac80000, 0x00000000e0000000)
  object space 176640K, 34% used [0x00000000a0000000,0x00000000a3b1d060,0x00000000aac80000)
 Metaspace       used 69220K, capacity 73246K, committed 73512K, reserved 1112064K
  class space    used 9548K, capacity 10461K, committed 10544K, reserved 1048576K
}
Event: 536.700 GC heap before
{Heap before GC invocations=13 (full 3):
 PSYoungGen      total 414720K, used 414712K [0x00000000e0000000, 0x0000000100000000, 0x0000000100000000)
  eden space 389632K, 100% used [0x00000000e0000000,0x00000000f7c80000,0x00000000f7c80000)
  from space 25088K, 99% used [0x00000000f7c80000,0x00000000f94fe080,0x00000000f9500000)
  to   space 35840K, 0% used [0x00000000fdd00000,0x00000000fdd00000,0x0000000100000000)
 ParOldGen       total 176640K, used 60532K [0x00000000a0000000, 0x00000000aac80000, 0x00000000e0000000)
  object space 176640K, 34% used [0x00000000a0000000,0x00000000a3b1d060,0x00000000aac80000)
 Metaspace       used 77669K, capacity 82486K, committed 82600K, reserved 1120256K
  class space    used 10436K, capacity 11433K, committed 11440K, reserved 1048576K
Event: 536.737 GC heap after
Heap after GC invocations=13 (full 3):
 PSYoungGen      total 465920K, used 35824K [0x00000000e0000000, 0x0000000100000000, 0x0000000100000000)
  eden space 430080K, 0% used [0x00000000e0000000,0x00000000e0000000,0x00000000fa400000)
  from space 35840K, 99% used [0x00000000fdd00000,0x00000000ffffc090,0x0000000100000000)
  to   space 47104K, 0% used [0x00000000fa400000,0x00000000fa400000,0x00000000fd200000)
 ParOldGen       total 176640K, used 76434K [0x00000000a0000000, 0x00000000aac80000, 0x00000000e0000000)
  object space 176640K, 43% used [0x00000000a0000000,0x00000000a4aa4a60,0x00000000aac80000)
 Metaspace       used 77669K, capacity 82486K, committed 82600K, reserved 1120256K
  class space    used 10436K, capacity 11433K, committed 11440K, reserved 1048576K
}
Event: 540.165 GC heap before
{Heap before GC invocations=14 (full 3):
 PSYoungGen      total 465920K, used 337969K [0x00000000e0000000, 0x0000000100000000, 0x0000000100000000)
  eden space 430080K, 70% used [0x00000000e0000000,0x00000000f2710728,0x00000000fa400000)
  from space 35840K, 99% used [0x00000000fdd00000,0x00000000ffffc090,0x0000000100000000)
  to   space 47104K, 0% used [0x00000000fa400000,0x00000000fa400000,0x00000000fd200000)
 ParOldGen       total 176640K, used 76434K [0x00000000a0000000, 0x00000000aac80000, 0x00000000e0000000)
  object space 176640K, 43% used [0x00000000a0000000,0x00000000a4aa4a60,0x00000000aac80000)
 Metaspace       used 92853K, capacity 98420K, committed 98600K, reserved 1134592K
  class space    used 12442K, capacity 13587K, committed 13616K, reserved 1048576K
Event: 540.259 GC heap after
Heap after GC invocations=14 (full 3):
 PSYoungGen      total 460288K, used 30022K [0x00000000e0000000, 0x0000000100000000, 0x0000000100000000)
  eden space 430080K, 0% used [0x00000000e0000000,0x00000000e0000000,0x00000000fa400000)
  from space 30208K, 99% used [0x00000000fa400000,0x00000000fc151990,0x00000000fc180000)
  to   space 48128K, 0% used [0x00000000fd100000,0x00000000fd100000,0x0000000100000000)
 ParOldGen       total 176640K, used 111640K [0x00000000a0000000, 0x00000000aac80000, 0x00000000e0000000)
  object space 176640K, 63% used [0x00000000a0000000,0x00000000a6d06070,0x00000000aac80000)
 Metaspace       used 92853K, capacity 98420K, committed 98600K, reserved 1134592K
  class space    used 12442K, capacity 13587K, committed 13616K, reserved 1048576K
}
Event: 540.259 GC heap before
{Heap before GC invocations=15 (full 4):
 PSYoungGen      total 460288K, used 30022K [0x00000000e0000000, 0x0000000100000000, 0x0000000100000000)
  eden space 430080K, 0% used [0x00000000e0000000,0x00000000e0000000,0x00000000fa400000)
  from space 30208K, 99% used [0x00000000fa400000,0x00000000fc151990,0x00000000fc180000)
  to   space 48128K, 0% used [0x00000000fd100000,0x00000000fd100000,0x0000000100000000)
 ParOldGen       total 176640K, used 111640K [0x00000000a0000000, 0x00000000aac80000, 0x00000000e0000000)
  object space 176640K, 63% used [0x00000000a0000000,0x00000000a6d06070,0x00000000aac80000)
 Metaspace       used 92853K, capacity 98420K, committed 98600K, reserved 1134592K
  class space    used 12442K, capacity 13587K, committed 13616K, reserved 1048576K
Event: 540.519 GC heap after
Heap after GC invocations=15 (full 4):
 PSYoungGen      total 460288K, used 0K [0x00000000e0000000, 0x0000000100000000, 0x0000000100000000)
  eden space 430080K, 0% used [0x00000000e0000000,0x00000000e0000000,0x00000000fa400000)
  from space 30208K, 0% used [0x00000000fa400000,0x00000000fa400000,0x00000000fc180000)
  to   space 48128K, 0% used [0x00000000fd100000,0x00000000fd100000,0x0000000100000000)
 ParOldGen       total 302592K, used 112432K [0x00000000a0000000, 0x00000000b2780000, 0x00000000e0000000)
  object space 302592K, 37% used [0x00000000a0000000,0x00000000a6dcc030,0x00000000b2780000)
 Metaspace       used 92688K, capacity 98024K, committed 98600K, reserved 1134592K
  class space    used 12383K, capacity 13481K, committed 13616K, reserved 1048576K
}

